<?xml version="1.0" encoding="UTF-8"?>
<!-- Generated by org.testng.reporters.JUnitReportReporter -->
<testsuite skipped="0" hostname="DESKTOP-21Q3S9S" name="E2E.Selen2Practice.LoginFeature" tests="1" failures="0" timestamp="01 Nov 2020 02:12:15 GMT" time="11.847" errors="0">
  <testcase name="negativeLogin" time="11.847" classname="E2E.Selen2Practice.LoginFeature"/>
</testsuite> <!-- E2E.Selen2Practice.LoginFeature -->
