<?xml version="1.0" encoding="UTF-8"?>
<!-- Generated by org.testng.reporters.JUnitReportReporter -->
<testsuite skipped="0" hostname="LAPTOP-0GBQOTCG" name="E2E.Selen2Practice.LoginFeature" tests="1" failures="0" timestamp="01 Nov 2020 01:02:53 GMT" time="7.774" errors="0">
  <testcase name="negativeLogin" time="7.774" classname="E2E.Selen2Practice.LoginFeature"/>
</testsuite> <!-- E2E.Selen2Practice.LoginFeature -->
