<?xml version="1.0" encoding="UTF-8"?>
<!-- Generated by org.testng.reporters.JUnitReportReporter -->
<testsuite skipped="0" hostname="LAPTOP-0GBQOTCG" name="E2E.Selen2Practice.LoginFeature" tests="1" failures="0" timestamp="30 Oct 2020 02:16:30 GMT" time="8.840" errors="0">
  <testcase name="negativeLogin" time="8.840" classname="E2E.Selen2Practice.LoginFeature"/>
</testsuite> <!-- E2E.Selen2Practice.LoginFeature -->
